<?xml version="1.0" encoding="UTF-8"?>
<testng-results ignored="0" total="1" passed="1" failed="0" skipped="0">
  <reporter-output>
  </reporter-output>
  <suite started-at="2024-06-14T13:43:55 IST" name="Default suite" finished-at="2024-06-14T13:44:06 IST" duration-ms="11607">
    <groups>
    </groups>
    <test started-at="2024-06-14T13:43:55 IST" name="Default test" finished-at="2024-06-14T13:44:06 IST" duration-ms="11607">
      <class name="Com.Bfx.patient.PatientTestcase">
        <test-method is-config="true" signature="beforeSuite()[pri:0, instance:Com.Bfx.patient.PatientTestcase@25be7b63]" started-at="2024-06-14T13:43:54 IST" name="beforeSuite" finished-at="2024-06-14T13:43:55 IST" duration-ms="194" status="PASS">
          <reporter-output>
          </reporter-output>
        </test-method> <!-- beforeSuite -->
        <test-method is-config="true" signature="beforeClass()[pri:0, instance:Com.Bfx.patient.PatientTestcase@25be7b63]" started-at="2024-06-14T13:43:55 IST" name="beforeClass" finished-at="2024-06-14T13:43:55 IST" duration-ms="4" status="PASS">
          <reporter-output>
          </reporter-output>
        </test-method> <!-- beforeClass -->
        <test-method is-config="true" signature="beforeMethod(java.lang.reflect.Method)[pri:0, instance:Com.Bfx.patient.PatientTestcase@25be7b63]" started-at="2024-06-14T13:43:55 IST" name="beforeMethod" finished-at="2024-06-14T13:43:55 IST" duration-ms="3" status="PASS">
          <params>
            <param index="0">
              <value>
                <![CDATA[public void Com.Bfx.patient.PatientTestcase.verifyPatientPage() throws java.lang.Exception]]>
              </value>
            </param>
          </params>
          <reporter-output>
          </reporter-output>
        </test-method> <!-- beforeMethod -->
        <test-method is-config="true" signature="initialization()[pri:0, instance:Com.Bfx.patient.PatientTestcase@25be7b63]" started-at="2024-06-14T13:43:55 IST" name="initialization" finished-at="2024-06-14T13:44:03 IST" duration-ms="7875" status="PASS">
          <reporter-output>
          </reporter-output>
        </test-method> <!-- initialization -->
        <test-method signature="verifyPatientPage()[pri:0, instance:Com.Bfx.patient.PatientTestcase@25be7b63]" started-at="2024-06-14T13:44:03 IST" name="verifyPatientPage" description="verify patient page" finished-at="2024-06-14T13:44:06 IST" duration-ms="3213" status="PASS">
          <reporter-output>
          </reporter-output>
        </test-method> <!-- verifyPatientPage -->
        <test-method is-config="true" signature="afterMethod(org.testng.ITestResult)[pri:0, instance:Com.Bfx.patient.PatientTestcase@25be7b63]" started-at="2024-06-14T13:44:06 IST" name="afterMethod" finished-at="2024-06-14T13:44:06 IST" duration-ms="467" status="PASS">
          <params>
            <param index="0">
              <value>
                <![CDATA[[TestResult name=verifyPatientPage status=SUCCESS method=PatientTestcase.verifyPatientPage()[pri:0, instance:Com.Bfx.patient.PatientTestcase@25be7b63] output={null}]]]>
              </value>
            </param>
          </params>
          <reporter-output>
          </reporter-output>
        </test-method> <!-- afterMethod -->
        <test-method is-config="true" signature="tearDown(org.testng.ITestResult)[pri:0, instance:Com.Bfx.patient.PatientTestcase@25be7b63]" started-at="2024-06-14T13:44:06 IST" name="tearDown" finished-at="2024-06-14T13:44:06 IST" duration-ms="0" status="PASS">
          <params>
            <param index="0">
              <value>
                <![CDATA[[TestResult name=verifyPatientPage status=SUCCESS method=PatientTestcase.verifyPatientPage()[pri:0, instance:Com.Bfx.patient.PatientTestcase@25be7b63] output={null}]]]>
              </value>
            </param>
          </params>
          <reporter-output>
          </reporter-output>
        </test-method> <!-- tearDown -->
      </class> <!-- Com.Bfx.patient.PatientTestcase -->
    </test> <!-- Default test -->
  </suite> <!-- Default suite -->
</testng-results>
