<?xml version="1.0" encoding="UTF-8"?>
<!-- Generated by org.testng.reporters.JUnitXMLReporter -->
<testsuite ignored="0" hostname="LAPTOP-LQ9E1I6I" failures="0" tests="6" name="login" time="127.85" errors="0" timestamp="2024-05-06T18:25:54 IST">
  <testcase classname="Com.Bfx.testcase.Login.Logintestcase" name="Validatepsw" time="2.195"/>
  <testcase classname="Com.Bfx.testcase.Login.Logintestcase" name="doNotEnterCredentials" time="2.146"/>
  <testcase classname="Com.Bfx.testcase.Login.Logintestcase" name="enterCredentials" time="0.201"/>
  <testcase classname="Com.Bfx.testcase.Login.Logintestcase" name="enterInvalidCredentials" time="6.28"/>
  <testcase classname="Com.Bfx.testcase.Login.Logintestcase" name="verifyErrorForInvalidCredentials" time="6.293"/>
  <testcase classname="Com.Bfx.testcase.Login.Logintestcase" name="verifyErrorForMandatoryFields" time="8.317"/>
</testsuite> <!-- login -->
